[debug] [2019-03-01T20:39:31.690Z] ----------------------------------------------------------------------
[debug] [2019-03-01T20:39:31.693Z] Command:       /usr/local/Cellar/node/11.10.0/bin/node /usr/local/bin/firebase init
[debug] [2019-03-01T20:39:31.693Z] CLI Version:   6.4.0
[debug] [2019-03-01T20:39:31.694Z] Platform:      darwin
[debug] [2019-03-01T20:39:31.694Z] Node Version:  v11.10.0
[debug] [2019-03-01T20:39:31.701Z] Time:          Fri Mar 01 2019 12:39:31 GMT-0800 (Pacific Standard Time)
[debug] [2019-03-01T20:39:31.701Z] ----------------------------------------------------------------------
[debug] 
[debug] [2019-03-01T20:39:31.720Z] > command requires scopes: ["email","openid","https://www.googleapis.com/auth/cloudplatformprojects.readonly","https://www.googleapis.com/auth/firebase","https://www.googleapis.com/auth/cloud-platform"]
[debug] [2019-03-01T20:39:31.721Z] > authorizing via signed-in user
[info] 
     ######## #### ########  ######## ########     ###     ######  ########
     ##        ##  ##     ## ##       ##     ##  ##   ##  ##       ##
     ######    ##  ########  ######   ########  #########  ######  ######
     ##        ##  ##    ##  ##       ##     ## ##     ##       ## ##
     ##       #### ##     ## ######## ########  ##     ##  ######  ########

You're about to initialize a Firebase project in this directory:

  /Users/herbertma/Desktop/COMP1930-SpaceShare

Before we get started, keep in mind:

  * You are initializing in an existing Firebase project directory

